This file contains any messages produced by compilers while
running configure, to aid debugging if configure makes a mistake.

It was created by configure, which was
generated by GNU Autoconf 2.59.  Invocation command line was

  $ ./configure 

## --------- ##
## Platform. ##
## --------- ##

hostname = tobias
uname -m = i686
uname -r = 2.6.22-11-386
uname -s = Linux
uname -v = #1 Mon Sep 17 03:17:38 GMT 2007

/usr/bin/uname -p = unknown
/bin/uname -X     = unknown

/bin/arch              = unknown
/usr/bin/arch -k       = unknown
/usr/convex/getsysinfo = unknown
hostinfo               = unknown
/bin/machine           = unknown
/usr/bin/oslevel       = unknown
/bin/universe          = unknown

PATH: /usr/local/sbin
PATH: /usr/local/bin
PATH: /usr/sbin
PATH: /usr/bin
PATH: /sbin
PATH: /bin
PATH: /usr/bin/X11
PATH: /usr/games


## ----------- ##
## Core tests. ##
## ----------- ##

configure:1539: checking build system type
configure:1557: result: i686-pc-linux-gnu
configure:1565: checking host system type
configure:1579: result: i686-pc-linux-gnu
configure:1587: checking target system type
configure:1601: result: i686-pc-linux-gnu
configure:1631: checking for a BSD-compatible install
configure:1686: result: /usr/bin/install -c
configure:1697: checking whether build environment is sane
configure:1740: result: yes
configure:1764: WARNING: `missing' script is too old or missing
configure:1797: checking for gawk
configure:1813: found /usr/bin/gawk
configure:1823: result: gawk
configure:1833: checking whether make sets $(MAKE)
configure:1853: result: yes
configure:2132: checking for style of include used by make
configure:2160: result: GNU
configure:2231: checking for gcc
configure:2247: found /usr/bin/gcc
configure:2257: result: gcc
configure:2501: checking for C compiler version
configure:2504: gcc --version </dev/null >&5
gcc (GCC) 4.1.3 20070831 (prerelease) (Ubuntu 4.1.2-16ubuntu1)
Copyright (C) 2006 Free Software Foundation, Inc.
This is free software; see the source for copying conditions.  There is NO
warranty; not even for MERCHANTABILITY or FITNESS FOR A PARTICULAR PURPOSE.

configure:2507: $? = 0
configure:2509: gcc -v </dev/null >&5
Using built-in specs.
Target: i486-linux-gnu
Configured with: ../src/configure -v --enable-languages=c,c++,fortran,objc,obj-c++,treelang --prefix=/usr --enable-shared --with-system-zlib --libexecdir=/usr/lib --without-included-gettext --enable-threads=posix --enable-nls --with-gxx-include-dir=/usr/include/c++/4.1.3 --program-suffix=-4.1 --enable-__cxa_atexit --enable-clocale=gnu --enable-libstdcxx-debug --enable-mpfr --enable-checking=release i486-linux-gnu
Thread model: posix
gcc version 4.1.3 20070831 (prerelease) (Ubuntu 4.1.2-16ubuntu1)
configure:2512: $? = 0
configure:2514: gcc -V </dev/null >&5
gcc: '-V' option must have argument
configure:2517: $? = 1
configure:2540: checking for C compiler default output file name
configure:2543: gcc    conftest.c  >&5
configure:2546: $? = 0
configure:2592: result: a.out
configure:2597: checking whether the C compiler works
configure:2603: ./a.out
configure:2606: $? = 0
configure:2623: result: yes
configure:2630: checking whether we are cross compiling
configure:2632: result: no
configure:2635: checking for suffix of executables
configure:2637: gcc -o conftest    conftest.c  >&5
configure:2640: $? = 0
configure:2665: result: 
configure:2671: checking for suffix of object files
configure:2692: gcc -c   conftest.c >&5
configure:2695: $? = 0
configure:2717: result: o
configure:2721: checking whether we are using the GNU C compiler
configure:2745: gcc -c   conftest.c >&5
configure:2751: $? = 0
configure:2755: test -z 
			 || test ! -s conftest.err
configure:2758: $? = 0
configure:2761: test -s conftest.o
configure:2764: $? = 0
configure:2777: result: yes
configure:2783: checking whether gcc accepts -g
configure:2804: gcc -c -g  conftest.c >&5
configure:2810: $? = 0
configure:2814: test -z 
			 || test ! -s conftest.err
configure:2817: $? = 0
configure:2820: test -s conftest.o
configure:2823: $? = 0
configure:2834: result: yes
configure:2851: checking for gcc option to accept ANSI C
configure:2921: gcc  -c -g -O2  conftest.c >&5
configure:2927: $? = 0
configure:2931: test -z 
			 || test ! -s conftest.err
configure:2934: $? = 0
configure:2937: test -s conftest.o
configure:2940: $? = 0
configure:2958: result: none needed
configure:2976: gcc -c -g -O2  conftest.c >&5
conftest.c:2: error: expected '=', ',', ';', 'asm' or '__attribute__' before 'me'
configure:2982: $? = 1
configure: failed program was:
| #ifndef __cplusplus
|   choke me
| #endif
configure:3117: checking dependency style of gcc
configure:3202: result: gcc3
configure:3219: checking for a sed that does not truncate output
configure:3273: result: /bin/sed
configure:3276: checking for egrep
configure:3286: result: grep -E
configure:3302: checking for ld used by gcc
configure:3369: result: /usr/bin/ld
configure:3378: checking if the linker (/usr/bin/ld) is GNU ld
configure:3393: result: yes
configure:3398: checking for /usr/bin/ld option to reload object files
configure:3405: result: -r
configure:3414: checking for BSD-compatible nm
configure:3456: result: /usr/bin/nm -B
configure:3460: checking whether ln -s works
configure:3464: result: yes
configure:3471: checking how to recognise dependent libraries
configure:3654: result: pass_all
configure:3868: checking how to run the C preprocessor
configure:3903: gcc -E  conftest.c
configure:3909: $? = 0
configure:3941: gcc -E  conftest.c
conftest.c:11:28: error: ac_nonexistent.h: No such file or directory
configure:3947: $? = 1
configure: failed program was:
| /* confdefs.h.  */
| 
| #define PACKAGE_NAME ""
| #define PACKAGE_TARNAME ""
| #define PACKAGE_VERSION ""
| #define PACKAGE_STRING ""
| #define PACKAGE_BUGREPORT ""
| #define PACKAGE "swh-plugins"
| #define VERSION "0.4.15"
| /* end confdefs.h.  */
| #include <ac_nonexistent.h>
configure:3986: result: gcc -E
configure:4010: gcc -E  conftest.c
configure:4016: $? = 0
configure:4048: gcc -E  conftest.c
conftest.c:11:28: error: ac_nonexistent.h: No such file or directory
configure:4054: $? = 1
configure: failed program was:
| /* confdefs.h.  */
| 
| #define PACKAGE_NAME ""
| #define PACKAGE_TARNAME ""
| #define PACKAGE_VERSION ""
| #define PACKAGE_STRING ""
| #define PACKAGE_BUGREPORT ""
| #define PACKAGE "swh-plugins"
| #define VERSION "0.4.15"
| /* end confdefs.h.  */
| #include <ac_nonexistent.h>
configure:4098: checking for ANSI C header files
configure:4123: gcc -c -g -O2  conftest.c >&5
configure:4129: $? = 0
configure:4133: test -z 
			 || test ! -s conftest.err
configure:4136: $? = 0
configure:4139: test -s conftest.o
configure:4142: $? = 0
configure:4231: gcc -o conftest -g -O2   conftest.c  >&5
conftest.c: In function 'main':
conftest.c:28: warning: incompatible implicit declaration of built-in function 'exit'
configure:4234: $? = 0
configure:4236: ./conftest
configure:4239: $? = 0
configure:4254: result: yes
configure:4278: checking for sys/types.h
configure:4294: gcc -c -g -O2  conftest.c >&5
configure:4300: $? = 0
configure:4304: test -z 
			 || test ! -s conftest.err
configure:4307: $? = 0
configure:4310: test -s conftest.o
configure:4313: $? = 0
configure:4324: result: yes
configure:4278: checking for sys/stat.h
configure:4294: gcc -c -g -O2  conftest.c >&5
configure:4300: $? = 0
configure:4304: test -z 
			 || test ! -s conftest.err
configure:4307: $? = 0
configure:4310: test -s conftest.o
configure:4313: $? = 0
configure:4324: result: yes
configure:4278: checking for stdlib.h
configure:4294: gcc -c -g -O2  conftest.c >&5
configure:4300: $? = 0
configure:4304: test -z 
			 || test ! -s conftest.err
configure:4307: $? = 0
configure:4310: test -s conftest.o
configure:4313: $? = 0
configure:4324: result: yes
configure:4278: checking for string.h
configure:4294: gcc -c -g -O2  conftest.c >&5
configure:4300: $? = 0
configure:4304: test -z 
			 || test ! -s conftest.err
configure:4307: $? = 0
configure:4310: test -s conftest.o
configure:4313: $? = 0
configure:4324: result: yes
configure:4278: checking for memory.h
configure:4294: gcc -c -g -O2  conftest.c >&5
configure:4300: $? = 0
configure:4304: test -z 
			 || test ! -s conftest.err
configure:4307: $? = 0
configure:4310: test -s conftest.o
configure:4313: $? = 0
configure:4324: result: yes
configure:4278: checking for strings.h
configure:4294: gcc -c -g -O2  conftest.c >&5
configure:4300: $? = 0
configure:4304: test -z 
			 || test ! -s conftest.err
configure:4307: $? = 0
configure:4310: test -s conftest.o
configure:4313: $? = 0
configure:4324: result: yes
configure:4278: checking for inttypes.h
configure:4294: gcc -c -g -O2  conftest.c >&5
configure:4300: $? = 0
configure:4304: test -z 
			 || test ! -s conftest.err
configure:4307: $? = 0
configure:4310: test -s conftest.o
configure:4313: $? = 0
configure:4324: result: yes
configure:4278: checking for stdint.h
configure:4294: gcc -c -g -O2  conftest.c >&5
configure:4300: $? = 0
configure:4304: test -z 
			 || test ! -s conftest.err
configure:4307: $? = 0
configure:4310: test -s conftest.o
configure:4313: $? = 0
configure:4324: result: yes
configure:4278: checking for unistd.h
configure:4294: gcc -c -g -O2  conftest.c >&5
configure:4300: $? = 0
configure:4304: test -z 
			 || test ! -s conftest.err
configure:4307: $? = 0
configure:4310: test -s conftest.o
configure:4313: $? = 0
configure:4324: result: yes
configure:4350: checking dlfcn.h usability
configure:4362: gcc -c -g -O2  conftest.c >&5
configure:4368: $? = 0
configure:4372: test -z 
			 || test ! -s conftest.err
configure:4375: $? = 0
configure:4378: test -s conftest.o
configure:4381: $? = 0
configure:4391: result: yes
configure:4395: checking dlfcn.h presence
configure:4405: gcc -E  conftest.c
configure:4411: $? = 0
configure:4431: result: yes
configure:4466: checking for dlfcn.h
configure:4473: result: yes
configure:4538: checking for g++
configure:4554: found /usr/bin/g++
configure:4564: result: g++
configure:4580: checking for C++ compiler version
configure:4583: g++ --version </dev/null >&5
g++ (GCC) 4.1.3 20070831 (prerelease) (Ubuntu 4.1.2-16ubuntu1)
Copyright (C) 2006 Free Software Foundation, Inc.
This is free software; see the source for copying conditions.  There is NO
warranty; not even for MERCHANTABILITY or FITNESS FOR A PARTICULAR PURPOSE.

configure:4586: $? = 0
configure:4588: g++ -v </dev/null >&5
Using built-in specs.
Target: i486-linux-gnu
Configured with: ../src/configure -v --enable-languages=c,c++,fortran,objc,obj-c++,treelang --prefix=/usr --enable-shared --with-system-zlib --libexecdir=/usr/lib --without-included-gettext --enable-threads=posix --enable-nls --with-gxx-include-dir=/usr/include/c++/4.1.3 --program-suffix=-4.1 --enable-__cxa_atexit --enable-clocale=gnu --enable-libstdcxx-debug --enable-mpfr --enable-checking=release i486-linux-gnu
Thread model: posix
gcc version 4.1.3 20070831 (prerelease) (Ubuntu 4.1.2-16ubuntu1)
configure:4591: $? = 0
configure:4593: g++ -V </dev/null >&5
g++: '-V' option must have argument
configure:4596: $? = 1
configure:4599: checking whether we are using the GNU C++ compiler
configure:4623: g++ -c   conftest.cc >&5
configure:4629: $? = 0
configure:4633: test -z 
			 || test ! -s conftest.err
configure:4636: $? = 0
configure:4639: test -s conftest.o
configure:4642: $? = 0
configure:4655: result: yes
configure:4661: checking whether g++ accepts -g
configure:4682: g++ -c -g  conftest.cc >&5
configure:4688: $? = 0
configure:4692: test -z 
			 || test ! -s conftest.err
configure:4695: $? = 0
configure:4698: test -s conftest.o
configure:4701: $? = 0
configure:4712: result: yes
configure:4754: g++ -c -g -O2  conftest.cc >&5
configure:4760: $? = 0
configure:4764: test -z 
			 || test ! -s conftest.err
configure:4767: $? = 0
configure:4770: test -s conftest.o
configure:4773: $? = 0
configure:4799: g++ -c -g -O2  conftest.cc >&5
conftest.cc: In function 'int main()':
conftest.cc:26: error: 'exit' was not declared in this scope
configure:4805: $? = 1
configure: failed program was:
| /* confdefs.h.  */
| 
| #define PACKAGE_NAME ""
| #define PACKAGE_TARNAME ""
| #define PACKAGE_VERSION ""
| #define PACKAGE_STRING ""
| #define PACKAGE_BUGREPORT ""
| #define PACKAGE "swh-plugins"
| #define VERSION "0.4.15"
| #define STDC_HEADERS 1
| #define HAVE_SYS_TYPES_H 1
| #define HAVE_SYS_STAT_H 1
| #define HAVE_STDLIB_H 1
| #define HAVE_STRING_H 1
| #define HAVE_MEMORY_H 1
| #define HAVE_STRINGS_H 1
| #define HAVE_INTTYPES_H 1
| #define HAVE_STDINT_H 1
| #define HAVE_UNISTD_H 1
| #define HAVE_DLFCN_H 1
| /* end confdefs.h.  */
| 
| int
| main ()
| {
| exit (42);
|   ;
|   return 0;
| }
configure:4754: g++ -c -g -O2  conftest.cc >&5
configure:4760: $? = 0
configure:4764: test -z 
			 || test ! -s conftest.err
configure:4767: $? = 0
configure:4770: test -s conftest.o
configure:4773: $? = 0
configure:4799: g++ -c -g -O2  conftest.cc >&5
configure:4805: $? = 0
configure:4809: test -z 
			 || test ! -s conftest.err
configure:4812: $? = 0
configure:4815: test -s conftest.o
configure:4818: $? = 0
configure:4843: checking dependency style of g++
configure:4928: result: gcc3
configure:4950: checking how to run the C++ preprocessor
configure:4981: g++ -E  conftest.cc
configure:4987: $? = 0
configure:5019: g++ -E  conftest.cc
conftest.cc:25:28: error: ac_nonexistent.h: No such file or directory
configure:5025: $? = 1
configure: failed program was:
| /* confdefs.h.  */
| 
| #define PACKAGE_NAME ""
| #define PACKAGE_TARNAME ""
| #define PACKAGE_VERSION ""
| #define PACKAGE_STRING ""
| #define PACKAGE_BUGREPORT ""
| #define PACKAGE "swh-plugins"
| #define VERSION "0.4.15"
| #define STDC_HEADERS 1
| #define HAVE_SYS_TYPES_H 1
| #define HAVE_SYS_STAT_H 1
| #define HAVE_STDLIB_H 1
| #define HAVE_STRING_H 1
| #define HAVE_MEMORY_H 1
| #define HAVE_STRINGS_H 1
| #define HAVE_INTTYPES_H 1
| #define HAVE_STDINT_H 1
| #define HAVE_UNISTD_H 1
| #define HAVE_DLFCN_H 1
| #ifdef __cplusplus
| extern "C" void std::exit (int) throw (); using std::exit;
| #endif
| /* end confdefs.h.  */
| #include <ac_nonexistent.h>
configure:5064: result: g++ -E
configure:5088: g++ -E  conftest.cc
configure:5094: $? = 0
configure:5126: g++ -E  conftest.cc
conftest.cc:25:28: error: ac_nonexistent.h: No such file or directory
configure:5132: $? = 1
configure: failed program was:
| /* confdefs.h.  */
| 
| #define PACKAGE_NAME ""
| #define PACKAGE_TARNAME ""
| #define PACKAGE_VERSION ""
| #define PACKAGE_STRING ""
| #define PACKAGE_BUGREPORT ""
| #define PACKAGE "swh-plugins"
| #define VERSION "0.4.15"
| #define STDC_HEADERS 1
| #define HAVE_SYS_TYPES_H 1
| #define HAVE_SYS_STAT_H 1
| #define HAVE_STDLIB_H 1
| #define HAVE_STRING_H 1
| #define HAVE_MEMORY_H 1
| #define HAVE_STRINGS_H 1
| #define HAVE_INTTYPES_H 1
| #define HAVE_STDINT_H 1
| #define HAVE_UNISTD_H 1
| #define HAVE_DLFCN_H 1
| #ifdef __cplusplus
| extern "C" void std::exit (int) throw (); using std::exit;
| #endif
| /* end confdefs.h.  */
| #include <ac_nonexistent.h>
configure:5227: checking for g77
configure:5256: result: no
configure:5227: checking for f77
configure:5256: result: no
configure:5227: checking for xlf
configure:5256: result: no
configure:5227: checking for frt
configure:5256: result: no
configure:5227: checking for pgf77
configure:5256: result: no
configure:5227: checking for fort77
configure:5256: result: no
configure:5227: checking for fl32
configure:5256: result: no
configure:5227: checking for af77
configure:5256: result: no
configure:5227: checking for f90
configure:5256: result: no
configure:5227: checking for xlf90
configure:5256: result: no
configure:5227: checking for pgf90
configure:5256: result: no
configure:5227: checking for epcf90
configure:5256: result: no
configure:5227: checking for f95
configure:5256: result: no
configure:5227: checking for fort
configure:5256: result: no
configure:5227: checking for xlf95
configure:5256: result: no
configure:5227: checking for ifc
configure:5256: result: no
configure:5227: checking for efc
configure:5256: result: no
configure:5227: checking for pgf95
configure:5256: result: no
configure:5227: checking for lf95
configure:5256: result: no
configure:5227: checking for gfortran
configure:5256: result: no
configure:5268: checking for Fortran 77 compiler version
configure:5271:  --version </dev/null >&5
./configure: line 5272: --version: command not found
configure:5274: $? = 127
configure:5276:  -v </dev/null >&5
./configure: line 5277: -v: command not found
configure:5279: $? = 127
configure:5281:  -V </dev/null >&5
./configure: line 5282: -V: command not found
configure:5284: $? = 127
configure:5292: checking whether we are using the GNU Fortran 77 compiler
configure:5306:  -c  conftest.F >&5
./configure: line 5307: -c: command not found
configure:5312: $? = 127
configure: failed program was:
|       program main
| #ifndef __GNUC__
|        choke me
| #endif
| 
|       end
configure:5338: result: no
configure:5344: checking whether  accepts -g
configure:5356:  -c -g conftest.f >&5
./configure: line 5357: -c: command not found
configure:5362: $? = 127
configure: failed program was:
|       program main
| 
|       end
configure:5387: result: no
configure:5417: checking the maximum length of command line arguments
configure:5482: result: 32768
configure:5493: checking command to parse /usr/bin/nm -B output from gcc object
configure:5582: gcc -c -g -O2  conftest.c >&5
configure:5585: $? = 0
configure:5589: /usr/bin/nm -B conftest.o \| sed -n -e 's/^.*[ 	]\([ABCDGIRSTW][ABCDGIRSTW]*\)[ 	][ 	]*\(\)\([_A-Za-z][_A-Za-z0-9]*\)$/\1 \2\3 \3/p' \> conftest.nm
configure:5592: $? = 0
configure:5644: gcc -o conftest -g -O2   conftest.c conftstm.o >&5
configure:5647: $? = 0
configure:5685: result: ok
configure:5689: checking for objdir
configure:5704: result: .libs
configure:5794: checking for ar
configure:5810: found /usr/bin/ar
configure:5821: result: ar
configure:5874: checking for ranlib
configure:5890: found /usr/bin/ranlib
configure:5901: result: ranlib
configure:5954: checking for strip
configure:5970: found /usr/bin/strip
configure:5981: result: strip
configure:6243: checking if gcc static flag  works
configure:6266: result: yes
configure:6284: checking if gcc supports -fno-rtti -fno-exceptions
configure:6302: gcc -c -g -O2  -fno-rtti -fno-exceptions conftest.c >&5
cc1: warning: command line option "-fno-rtti" is valid for C++/ObjC++ but not for C
configure:6306: $? = 0
configure:6317: result: no
configure:6332: checking for gcc option to produce PIC
configure:6509: result: -fPIC
configure:6517: checking if gcc PIC flag -fPIC works
configure:6535: gcc -c -g -O2  -fPIC -DPIC conftest.c >&5
configure:6539: $? = 0
configure:6550: result: yes
configure:6574: checking if gcc supports -c -o file.o
configure:6595: gcc -c -g -O2  -o out/conftest2.o conftest.c >&5
configure:6599: $? = 0
configure:6619: result: yes
configure:6645: checking whether the gcc linker (/usr/bin/ld) supports shared libraries
configure:7493: result: yes
configure:7519: checking whether -lc should be explicitly linked in
configure:7524: gcc -c -g -O2  conftest.c >&5
configure:7527: $? = 0
configure:7541: gcc -shared conftest.o  -v -Wl,-soname -Wl,conftest -o conftest 2\>\&1 \| grep  -lc  \>/dev/null 2\>\&1
configure:7544: $? = 0
configure:7556: result: no
configure:7564: checking dynamic linker characteristics
configure:8125: result: GNU/Linux ld.so
configure:8129: checking how to hardcode library paths into programs
configure:8154: result: immediate
configure:8168: checking whether stripping libraries is possible
configure:8173: result: yes
configure:8299: checking for shl_load
configure:8356: gcc -o conftest -g -O2   conftest.c  >&5
/tmp/ccG1eZYG.o: In function `main':
/home/tobias/audio_dev/mux/src/plugins/swh-plugins-0.4.15/conftest.c:64: undefined reference to `shl_load'
/tmp/ccG1eZYG.o:(.data+0x0): undefined reference to `shl_load'
collect2: ld returned 1 exit status
configure:8362: $? = 1
configure: failed program was:
| /* confdefs.h.  */
| 
| #define PACKAGE_NAME ""
| #define PACKAGE_TARNAME ""
| #define PACKAGE_VERSION ""
| #define PACKAGE_STRING ""
| #define PACKAGE_BUGREPORT ""
| #define PACKAGE "swh-plugins"
| #define VERSION "0.4.15"
| #define STDC_HEADERS 1
| #define HAVE_SYS_TYPES_H 1
| #define HAVE_SYS_STAT_H 1
| #define HAVE_STDLIB_H 1
| #define HAVE_STRING_H 1
| #define HAVE_MEMORY_H 1
| #define HAVE_STRINGS_H 1
| #define HAVE_INTTYPES_H 1
| #define HAVE_STDINT_H 1
| #define HAVE_UNISTD_H 1
| #define HAVE_DLFCN_H 1
| #ifdef __cplusplus
| extern "C" void std::exit (int) throw (); using std::exit;
| #endif
| /* end confdefs.h.  */
| /* Define shl_load to an innocuous variant, in case <limits.h> declares shl_load.
|    For example, HP-UX 11i <limits.h> declares gettimeofday.  */
| #define shl_load innocuous_shl_load
| 
| /* System header to define __stub macros and hopefully few prototypes,
|     which can conflict with char shl_load (); below.
|     Prefer <limits.h> to <assert.h> if __STDC__ is defined, since
|     <limits.h> exists even on freestanding compilers.  */
| 
| #ifdef __STDC__
| # include <limits.h>
| #else
| # include <assert.h>
| #endif
| 
| #undef shl_load
| 
| /* Override any gcc2 internal prototype to avoid an error.  */
| #ifdef __cplusplus
| extern "C"
| {
| #endif
| /* We use char because int might match the return type of a gcc2
|    builtin and then its argument prototype would still apply.  */
| char shl_load ();
| /* The GNU C library defines this for functions which it implements
|     to always fail with ENOSYS.  Some functions are actually named
|     something starting with __ and the normal name is an alias.  */
| #if defined (__stub_shl_load) || defined (__stub___shl_load)
| choke me
| #else
| char (*f) () = shl_load;
| #endif
| #ifdef __cplusplus
| }
| #endif
| 
| int
| main ()
| {
| return f != shl_load;
|   ;
|   return 0;
| }
configure:8387: result: no
configure:8392: checking for shl_load in -ldld
configure:8422: gcc -o conftest -g -O2   conftest.c -ldld   >&5
/usr/bin/ld: cannot find -ldld
collect2: ld returned 1 exit status
configure:8428: $? = 1
configure: failed program was:
| /* confdefs.h.  */
| 
| #define PACKAGE_NAME ""
| #define PACKAGE_TARNAME ""
| #define PACKAGE_VERSION ""
| #define PACKAGE_STRING ""
| #define PACKAGE_BUGREPORT ""
| #define PACKAGE "swh-plugins"
| #define VERSION "0.4.15"
| #define STDC_HEADERS 1
| #define HAVE_SYS_TYPES_H 1
| #define HAVE_SYS_STAT_H 1
| #define HAVE_STDLIB_H 1
| #define HAVE_STRING_H 1
| #define HAVE_MEMORY_H 1
| #define HAVE_STRINGS_H 1
| #define HAVE_INTTYPES_H 1
| #define HAVE_STDINT_H 1
| #define HAVE_UNISTD_H 1
| #define HAVE_DLFCN_H 1
| #ifdef __cplusplus
| extern "C" void std::exit (int) throw (); using std::exit;
| #endif
| /* end confdefs.h.  */
| 
| /* Override any gcc2 internal prototype to avoid an error.  */
| #ifdef __cplusplus
| extern "C"
| #endif
| /* We use char because int might match the return type of a gcc2
|    builtin and then its argument prototype would still apply.  */
| char shl_load ();
| int
| main ()
| {
| shl_load ();
|   ;
|   return 0;
| }
configure:8454: result: no
configure:8459: checking for dlopen
configure:8516: gcc -o conftest -g -O2   conftest.c  >&5
/tmp/ccYwTeh2.o: In function `main':
/home/tobias/audio_dev/mux/src/plugins/swh-plugins-0.4.15/conftest.c:64: undefined reference to `dlopen'
/tmp/ccYwTeh2.o:(.data+0x0): undefined reference to `dlopen'
collect2: ld returned 1 exit status
configure:8522: $? = 1
configure: failed program was:
| /* confdefs.h.  */
| 
| #define PACKAGE_NAME ""
| #define PACKAGE_TARNAME ""
| #define PACKAGE_VERSION ""
| #define PACKAGE_STRING ""
| #define PACKAGE_BUGREPORT ""
| #define PACKAGE "swh-plugins"
| #define VERSION "0.4.15"
| #define STDC_HEADERS 1
| #define HAVE_SYS_TYPES_H 1
| #define HAVE_SYS_STAT_H 1
| #define HAVE_STDLIB_H 1
| #define HAVE_STRING_H 1
| #define HAVE_MEMORY_H 1
| #define HAVE_STRINGS_H 1
| #define HAVE_INTTYPES_H 1
| #define HAVE_STDINT_H 1
| #define HAVE_UNISTD_H 1
| #define HAVE_DLFCN_H 1
| #ifdef __cplusplus
| extern "C" void std::exit (int) throw (); using std::exit;
| #endif
| /* end confdefs.h.  */
| /* Define dlopen to an innocuous variant, in case <limits.h> declares dlopen.
|    For example, HP-UX 11i <limits.h> declares gettimeofday.  */
| #define dlopen innocuous_dlopen
| 
| /* System header to define __stub macros and hopefully few prototypes,
|     which can conflict with char dlopen (); below.
|     Prefer <limits.h> to <assert.h> if __STDC__ is defined, since
|     <limits.h> exists even on freestanding compilers.  */
| 
| #ifdef __STDC__
| # include <limits.h>
| #else
| # include <assert.h>
| #endif
| 
| #undef dlopen
| 
| /* Override any gcc2 internal prototype to avoid an error.  */
| #ifdef __cplusplus
| extern "C"
| {
| #endif
| /* We use char because int might match the return type of a gcc2
|    builtin and then its argument prototype would still apply.  */
| char dlopen ();
| /* The GNU C library defines this for functions which it implements
|     to always fail with ENOSYS.  Some functions are actually named
|     something starting with __ and the normal name is an alias.  */
| #if defined (__stub_dlopen) || defined (__stub___dlopen)
| choke me
| #else
| char (*f) () = dlopen;
| #endif
| #ifdef __cplusplus
| }
| #endif
| 
| int
| main ()
| {
| return f != dlopen;
|   ;
|   return 0;
| }
configure:8547: result: no
configure:8552: checking for dlopen in -ldl
configure:8582: gcc -o conftest -g -O2   conftest.c -ldl   >&5
configure:8588: $? = 0
configure:8592: test -z 
			 || test ! -s conftest.err
configure:8595: $? = 0
configure:8598: test -s conftest
configure:8601: $? = 0
configure:8614: result: yes
configure:8789: checking whether a program can dlopen itself
configure:8861: gcc -o conftest -g -O2  -DHAVE_DLFCN_H  -Wl,--export-dynamic conftest.c -ldl  >&5
configure: In function 'main':
configure:8857: warning: incompatible implicit declaration of built-in function 'exit'
configure:8864: $? = 0
configure:8882: result: yes
configure:8887: checking whether a statically linked program can dlopen itself
configure:8959: gcc -o conftest -g -O2  -DHAVE_DLFCN_H  -Wl,--export-dynamic  conftest.c -ldl  >&5
configure: In function 'main':
configure:8955: warning: incompatible implicit declaration of built-in function 'exit'
configure:8962: $? = 0
configure:8980: result: yes
configure:9003: checking if libtool supports shared libraries
configure:9005: result: yes
configure:9008: checking whether to build shared libraries
configure:9066: result: yes
configure:9069: checking whether to build static libraries
configure:9073: result: no
configure:9165: creating libtool
configure:9712: checking for ld used by g++
configure:9779: result: /usr/bin/ld
configure:9788: checking if the linker (/usr/bin/ld) is GNU ld
configure:9803: result: yes
configure:9854: checking whether the g++ linker (/usr/bin/ld) supports shared libraries
configure:10682: result: yes
configure:10700: g++ -c -g -O2  conftest.cc >&5
configure:10703: $? = 0
configure:10799: checking for g++ option to produce PIC
configure:11051: result: -fPIC
configure:11059: checking if g++ PIC flag -fPIC works
configure:11077: g++ -c -g -O2  -fPIC -DPIC conftest.cc >&5
configure:11081: $? = 0
configure:11092: result: yes
configure:11116: checking if g++ supports -c -o file.o
configure:11137: g++ -c -g -O2  -o out/conftest2.o conftest.cc >&5
configure:11141: $? = 0
configure:11161: result: yes
configure:11187: checking whether the g++ linker (/usr/bin/ld) supports shared libraries
configure:11212: result: yes
configure:11283: checking dynamic linker characteristics
configure:11844: result: GNU/Linux ld.so
configure:11848: checking how to hardcode library paths into programs
configure:11873: result: immediate
configure:11887: checking whether stripping libraries is possible
configure:11892: result: yes
configure:12018: checking for shl_load
configure:12106: result: no
configure:12111: checking for shl_load in -ldld
configure:12173: result: no
configure:12178: checking for dlopen
configure:12266: result: no
configure:12271: checking for dlopen in -ldl
configure:12333: result: yes
configure:12508: checking whether a program can dlopen itself
configure:12601: result: yes
configure:12606: checking whether a statically linked program can dlopen itself
configure:12699: result: yes
configure:19222: checking for gcc
configure:19248: result: gcc
configure:19492: checking for C compiler version
configure:19495: gcc --version </dev/null >&5
gcc (GCC) 4.1.3 20070831 (prerelease) (Ubuntu 4.1.2-16ubuntu1)
Copyright (C) 2006 Free Software Foundation, Inc.
This is free software; see the source for copying conditions.  There is NO
warranty; not even for MERCHANTABILITY or FITNESS FOR A PARTICULAR PURPOSE.

configure:19498: $? = 0
configure:19500: gcc -v </dev/null >&5
Using built-in specs.
Target: i486-linux-gnu
Configured with: ../src/configure -v --enable-languages=c,c++,fortran,objc,obj-c++,treelang --prefix=/usr --enable-shared --with-system-zlib --libexecdir=/usr/lib --without-included-gettext --enable-threads=posix --enable-nls --with-gxx-include-dir=/usr/include/c++/4.1.3 --program-suffix=-4.1 --enable-__cxa_atexit --enable-clocale=gnu --enable-libstdcxx-debug --enable-mpfr --enable-checking=release i486-linux-gnu
Thread model: posix
gcc version 4.1.3 20070831 (prerelease) (Ubuntu 4.1.2-16ubuntu1)
configure:19503: $? = 0
configure:19505: gcc -V </dev/null >&5
gcc: '-V' option must have argument
configure:19508: $? = 1
configure:19511: checking whether we are using the GNU C compiler
configure:19567: result: yes
configure:19573: checking whether gcc accepts -g
configure:19624: result: yes
configure:19641: checking for gcc option to accept ANSI C
configure:19748: result: none needed
configure:19766: gcc -c -g -O2  conftest.c >&5
conftest.c:2: error: expected '=', ',', ';', 'asm' or '__attribute__' before 'me'
configure:19772: $? = 1
configure: failed program was:
| #ifndef __cplusplus
|   choke me
| #endif
configure:19907: checking dependency style of gcc
configure:19992: result: gcc3
configure:20025: checking whether NLS is requested
configure:20034: result: yes
configure:20072: checking for msgfmt
configure:20103: result: /usr/bin/msgfmt
configure:20112: checking for gmsgfmt
configure:20143: result: /usr/bin/msgfmt
configure:20182: checking for xgettext
configure:20213: result: /usr/bin/xgettext
configure:20253: checking for msgmerge
configure:20283: result: /usr/bin/msgmerge
configure:20358: checking for ld used by GCC
configure:20422: result: /usr/bin/ld
configure:20431: checking if the linker (/usr/bin/ld) is GNU ld
configure:20444: result: yes
configure:20450: checking for shared library run path origin
configure:20463: result: done
configure:20879: checking whether NLS is requested
configure:20888: result: yes
configure:20906: checking for GNU gettext in libc
configure:20930: gcc -o conftest -g -O2   conftest.c  >&5
configure:20936: $? = 0
configure:20940: test -z 
			 || test ! -s conftest.err
configure:20943: $? = 0
configure:20946: test -s conftest
configure:20949: $? = 0
configure:20961: result: yes
configure:21660: checking whether to use NLS
configure:21662: result: yes
configure:21665: checking where the gettext function comes from
configure:21676: result: libc
configure:21737: checking whether byte ordering is bigendian
configure:21764: gcc -c -g -O2  conftest.c >&5
configure:21770: $? = 0
configure:21774: test -z 
			 || test ! -s conftest.err
configure:21777: $? = 0
configure:21780: test -s conftest.o
configure:21783: $? = 0
configure:21807: gcc -c -g -O2  conftest.c >&5
conftest.c: In function 'main':
conftest.c:35: error: 'not' undeclared (first use in this function)
conftest.c:35: error: (Each undeclared identifier is reported only once
conftest.c:35: error: for each function it appears in.)
conftest.c:35: error: expected ';' before 'big'
configure:21813: $? = 1
configure: failed program was:
| /* confdefs.h.  */
| 
| #define PACKAGE_NAME ""
| #define PACKAGE_TARNAME ""
| #define PACKAGE_VERSION ""
| #define PACKAGE_STRING ""
| #define PACKAGE_BUGREPORT ""
| #define PACKAGE "swh-plugins"
| #define VERSION "0.4.15"
| #define STDC_HEADERS 1
| #define HAVE_SYS_TYPES_H 1
| #define HAVE_SYS_STAT_H 1
| #define HAVE_STDLIB_H 1
| #define HAVE_STRING_H 1
| #define HAVE_MEMORY_H 1
| #define HAVE_STRINGS_H 1
| #define HAVE_INTTYPES_H 1
| #define HAVE_STDINT_H 1
| #define HAVE_UNISTD_H 1
| #define HAVE_DLFCN_H 1
| #ifdef __cplusplus
| extern "C" void std::exit (int) throw (); using std::exit;
| #endif
| #define ENABLE_NLS 1
| #define HAVE_GETTEXT 1
| #define HAVE_DCGETTEXT 1
| /* end confdefs.h.  */
| #include <sys/types.h>
| #include <sys/param.h>
| 
| int
| main ()
| {
| #if BYTE_ORDER != BIG_ENDIAN
|  not big endian
| #endif
| 
|   ;
|   return 0;
| }
configure:21948: result: no
configure:21975: checking for pkg-config
configure:21993: found /usr/bin/pkg-config
configure:22006: result: /usr/bin/pkg-config
configure:22023: checking for fftw3f >= 3.0
configure:22027: result: yes
configure:22031: checking FFTW_CFLAGS
configure:22034: result:  
configure:22037: checking FFTW_LIBS
configure:22040: result: -lfftw3f -lm  
configure:22231: checking for sqrt in -lm
configure:22261: gcc -o conftest -g -O2   conftest.c -lm   -lm >&5
conftest.c:36: warning: conflicting types for built-in function 'sqrt'
configure:22267: $? = 0
configure:22271: test -z 
			 || test ! -s conftest.err
configure:22274: $? = 0
configure:22277: test -s conftest
configure:22280: $? = 0
configure:22293: result: yes
configure:22309: checking for log10f in -lm
configure:22339: gcc -o conftest -g -O2   conftest.c -lm  -lm  -lm >&5
conftest.c:37: warning: conflicting types for built-in function 'log10f'
configure:22345: $? = 0
configure:22349: test -z 
			 || test ! -s conftest.err
configure:22352: $? = 0
configure:22355: test -s conftest
configure:22358: $? = 0
configure:22371: result: yes
configure:22463: checking for shm_open
configure:22520: gcc -o conftest -g -O2   conftest.c -lm -lm  -lm >&5
/tmp/ccKHksN4.o: In function `main':
/home/tobias/audio_dev/mux/src/plugins/swh-plugins-0.4.15/conftest.c:70: undefined reference to `shm_open'
/tmp/ccKHksN4.o:(.data+0x0): undefined reference to `shm_open'
collect2: ld returned 1 exit status
configure:22526: $? = 1
configure: failed program was:
| /* confdefs.h.  */
| 
| #define PACKAGE_NAME ""
| #define PACKAGE_TARNAME ""
| #define PACKAGE_VERSION ""
| #define PACKAGE_STRING ""
| #define PACKAGE_BUGREPORT ""
| #define PACKAGE "swh-plugins"
| #define VERSION "0.4.15"
| #define STDC_HEADERS 1
| #define HAVE_SYS_TYPES_H 1
| #define HAVE_SYS_STAT_H 1
| #define HAVE_STDLIB_H 1
| #define HAVE_STRING_H 1
| #define HAVE_MEMORY_H 1
| #define HAVE_STRINGS_H 1
| #define HAVE_INTTYPES_H 1
| #define HAVE_STDINT_H 1
| #define HAVE_UNISTD_H 1
| #define HAVE_DLFCN_H 1
| #ifdef __cplusplus
| extern "C" void std::exit (int) throw (); using std::exit;
| #endif
| #define ENABLE_NLS 1
| #define HAVE_GETTEXT 1
| #define HAVE_DCGETTEXT 1
| #define FFTW3
| #define HAVE_LIBM 1
| #define HAVE_LIBM 1
| /* end confdefs.h.  */
| /* Define shm_open to an innocuous variant, in case <limits.h> declares shm_open.
|    For example, HP-UX 11i <limits.h> declares gettimeofday.  */
| #define shm_open innocuous_shm_open
| 
| /* System header to define __stub macros and hopefully few prototypes,
|     which can conflict with char shm_open (); below.
|     Prefer <limits.h> to <assert.h> if __STDC__ is defined, since
|     <limits.h> exists even on freestanding compilers.  */
| 
| #ifdef __STDC__
| # include <limits.h>
| #else
| # include <assert.h>
| #endif
| 
| #undef shm_open
| 
| /* Override any gcc2 internal prototype to avoid an error.  */
| #ifdef __cplusplus
| extern "C"
| {
| #endif
| /* We use char because int might match the return type of a gcc2
|    builtin and then its argument prototype would still apply.  */
| char shm_open ();
| /* The GNU C library defines this for functions which it implements
|     to always fail with ENOSYS.  Some functions are actually named
|     something starting with __ and the normal name is an alias.  */
| #if defined (__stub_shm_open) || defined (__stub___shm_open)
| choke me
| #else
| char (*f) () = shm_open;
| #endif
| #ifdef __cplusplus
| }
| #endif
| 
| int
| main ()
| {
| return f != shm_open;
|   ;
|   return 0;
| }
configure:22551: result: no
configure:22557: checking for shm_open in -lrt
configure:22587: gcc -o conftest -g -O2   conftest.c -lrt  -lm -lm  -lm >&5
configure:22593: $? = 0
configure:22597: test -z 
			 || test ! -s conftest.err
configure:22600: $? = 0
configure:22603: test -s conftest
configure:22606: $? = 0
configure:22619: result: yes
configure:22632: checking for lrintf
configure:22663: gcc -o conftest -O3 -lm   conftest.c -lrt -lm -lm  -lm >&5
configure:22669: $? = 0
configure:22673: test -z 
			 || test ! -s conftest.err
configure:22676: $? = 0
configure:22679: test -s conftest
configure:22682: $? = 0
configure:22698: result: yes
configure:22735: WARNING: Can't find architecture specifaction in CFLAGS, picking one from build host CPU type
configure:22737: WARNING: May result in non-portable code
configure:22760: checking for ld used by gcc
configure:22827: result: /usr/bin/ld
configure:22836: checking if the linker (/usr/bin/ld) is GNU ld
configure:22851: result: yes
configure:23020: creating ./config.status

## ---------------------- ##
## Running config.status. ##
## ---------------------- ##

This file was extended by config.status, which was
generated by GNU Autoconf 2.59.  Invocation command line was

  CONFIG_FILES    = 
  CONFIG_HEADERS  = 
  CONFIG_LINKS    = 
  CONFIG_COMMANDS = 
  $ ./config.status 

on tobias

config.status:747: creating m4/Makefile
config.status:747: creating Makefile
config.status:747: creating util/Makefile
config.status:747: creating gsm/Makefile
config.status:747: creating gverb/Makefile
config.status:747: creating metadata/Makefile
config.status:747: creating po/Makefile.in
config.status:851: creating config.h
config.status:1157: executing depfiles commands
config.status:1157: executing default-1 commands

## ---------------- ##
## Cache variables. ##
## ---------------- ##

ac_cv_build=i686-pc-linux-gnu
ac_cv_build_alias=i686-pc-linux-gnu
ac_cv_c99_lrintf=yes
ac_cv_c_bigendian=no
ac_cv_c_compiler_gnu=yes
ac_cv_cxx_compiler_gnu=yes
ac_cv_env_CC_set=
ac_cv_env_CC_value=
ac_cv_env_CFLAGS_set=
ac_cv_env_CFLAGS_value=
ac_cv_env_CPPFLAGS_set=
ac_cv_env_CPPFLAGS_value=
ac_cv_env_CPP_set=
ac_cv_env_CPP_value=
ac_cv_env_CXXCPP_set=
ac_cv_env_CXXCPP_value=
ac_cv_env_CXXFLAGS_set=
ac_cv_env_CXXFLAGS_value=
ac_cv_env_CXX_set=
ac_cv_env_CXX_value=
ac_cv_env_F77_set=
ac_cv_env_F77_value=
ac_cv_env_FFLAGS_set=
ac_cv_env_FFLAGS_value=
ac_cv_env_LDFLAGS_set=
ac_cv_env_LDFLAGS_value=
ac_cv_env_build_alias_set=
ac_cv_env_build_alias_value=
ac_cv_env_host_alias_set=
ac_cv_env_host_alias_value=
ac_cv_env_target_alias_set=
ac_cv_env_target_alias_value=
ac_cv_exeext=
ac_cv_f77_compiler_gnu=no
ac_cv_func_dlopen=no
ac_cv_func_shl_load=no
ac_cv_func_shm_open=no
ac_cv_header_dlfcn_h=yes
ac_cv_header_inttypes_h=yes
ac_cv_header_memory_h=yes
ac_cv_header_stdc=yes
ac_cv_header_stdint_h=yes
ac_cv_header_stdlib_h=yes
ac_cv_header_string_h=yes
ac_cv_header_strings_h=yes
ac_cv_header_sys_stat_h=yes
ac_cv_header_sys_types_h=yes
ac_cv_header_unistd_h=yes
ac_cv_host=i686-pc-linux-gnu
ac_cv_host_alias=i686-pc-linux-gnu
ac_cv_lib_dl_dlopen=yes
ac_cv_lib_dld_shl_load=no
ac_cv_lib_m_log10f=yes
ac_cv_lib_m_sqrt=yes
ac_cv_lib_rt_shm_open=yes
ac_cv_objext=o
ac_cv_path_GMSGFMT=/usr/bin/msgfmt
ac_cv_path_MSGFMT=/usr/bin/msgfmt
ac_cv_path_MSGMERGE=/usr/bin/msgmerge
ac_cv_path_PKG_CONFIG=/usr/bin/pkg-config
ac_cv_path_XGETTEXT=/usr/bin/xgettext
ac_cv_path_install='/usr/bin/install -c'
ac_cv_prog_AWK=gawk
ac_cv_prog_CPP='gcc -E'
ac_cv_prog_CXXCPP='g++ -E'
ac_cv_prog_ac_ct_AR=ar
ac_cv_prog_ac_ct_CC=gcc
ac_cv_prog_ac_ct_CXX=g++
ac_cv_prog_ac_ct_RANLIB=ranlib
ac_cv_prog_ac_ct_STRIP=strip
ac_cv_prog_cc_g=yes
ac_cv_prog_cc_stdc=
ac_cv_prog_cxx_g=yes
ac_cv_prog_egrep='grep -E'
ac_cv_prog_f77_g=no
ac_cv_prog_make_make_set=yes
ac_cv_target=i686-pc-linux-gnu
ac_cv_target_alias=i686-pc-linux-gnu
acl_cv_path_LD=/usr/bin/ld
acl_cv_prog_gnu_ld=yes
acl_cv_rpath=done
am_cv_CC_dependencies_compiler_type=gcc3
am_cv_CXX_dependencies_compiler_type=gcc3
gt_cv_func_gnugettext1_libc=yes
lt_cv_deplibs_check_method=pass_all
lt_cv_dlopen=dlopen
lt_cv_dlopen_libs=-ldl
lt_cv_dlopen_self=yes
lt_cv_dlopen_self_static=yes
lt_cv_file_magic_cmd='$MAGIC_CMD'
lt_cv_file_magic_test_file='/lib/libc.so.6 /lib/libc-2.6.1.so'
lt_cv_ld_reload_flag=-r
lt_cv_objdir=.libs
lt_cv_path_LD=/usr/bin/ld
lt_cv_path_LDCXX=/usr/bin/ld
lt_cv_path_NM='/usr/bin/nm -B'
lt_cv_path_SED=/bin/sed
lt_cv_prog_compiler_c_o=yes
lt_cv_prog_compiler_c_o_CXX=yes
lt_cv_prog_compiler_rtti_exceptions=no
lt_cv_prog_gnu_ld=yes
lt_cv_prog_gnu_ldcxx=yes
lt_cv_sys_global_symbol_pipe='sed -n -e '\''s/^.*[ 	]\([ABCDGIRSTW][ABCDGIRSTW]*\)[ 	][ 	]*\(\)\([_A-Za-z][_A-Za-z0-9]*\)$/\1 \2\3 \3/p'\'''
lt_cv_sys_global_symbol_to_c_name_address='sed -n -e '\''s/^: \([^ ]*\) $/  {\"\1\", (lt_ptr) 0},/p'\'' -e '\''s/^[BCDEGRST] \([^ ]*\) \([^ ]*\)$/  {"\2", (lt_ptr) \&\2},/p'\'''
lt_cv_sys_global_symbol_to_cdecl='sed -n -e '\''s/^. .* \(.*\)$/extern int \1;/p'\'''
lt_cv_sys_max_cmd_len=32768
lt_lt_cv_prog_compiler_c_o='"yes"'
lt_lt_cv_prog_compiler_c_o_CXX='"yes"'
lt_lt_cv_sys_global_symbol_pipe='"sed -n -e '\''s/^.*[ 	]\\([ABCDGIRSTW][ABCDGIRSTW]*\\)[ 	][ 	]*\\(\\)\\([_A-Za-z][_A-Za-z0-9]*\\)\$/\\1 \\2\\3 \\3/p'\''"'
lt_lt_cv_sys_global_symbol_to_c_name_address='"sed -n -e '\''s/^: \\([^ ]*\\) \$/  {\\\"\\1\\\", (lt_ptr) 0},/p'\'' -e '\''s/^[BCDEGRST] \\([^ ]*\\) \\([^ ]*\\)\$/  {\"\\2\", (lt_ptr) \\&\\2},/p'\''"'
lt_lt_cv_sys_global_symbol_to_cdecl='"sed -n -e '\''s/^. .* \\(.*\\)\$/extern int \\1;/p'\''"'

## ----------------- ##
## Output variables. ##
## ----------------- ##

ACLOCAL='aclocal-1.8'
AMDEPBACKSLASH='\'
AMDEP_FALSE='#'
AMDEP_TRUE=''
AMTAR='tar'
AR='ar'
AUTOCONF='autoconf'
AUTOHEADER='autoheader'
AUTOMAKE='automake-1.8'
AWK='gawk'
CC='gcc'
CCDEPMODE='depmode=gcc3'
CFLAGS='-g -O2 -Wall -O3 -fomit-frame-pointer -fstrength-reduce -funroll-loops -ffast-math -fPIC -DPIC -march=i686  '
CPP='gcc -E'
CPPFLAGS=''
CXX='g++'
CXXCPP='g++ -E'
CXXDEPMODE='depmode=gcc3'
CXXFLAGS='-g -O2'
CYGPATH_W='echo'
DEFS='-DHAVE_CONFIG_H'
DEPDIR='.deps'
ECHO='echo'
ECHO_C=''
ECHO_N='-n'
ECHO_T=''
EGREP='grep -E'
EXEEXT=''
F77=''
FFLAGS=''
FFTW_CFLAGS=' '
FFTW_LIBS='-lfftw3f -lm  '
GMSGFMT='/usr/bin/msgfmt'
INSTALL_DATA='${INSTALL} -m 644'
INSTALL_PROGRAM='${INSTALL}'
INSTALL_SCRIPT='${INSTALL}'
INSTALL_STRIP_PROGRAM='${SHELL} $(install_sh) -c -s'
INTLLIBS=''
LDFLAGS=''
LIBICONV='-liconv'
LIBINTL=''
LIBOBJS=''
LIBS='-lrt -lm -lm  -lm'
LIBTOOL='$(SHELL) $(top_builddir)/libtool'
LN_S='ln -s'
LTLIBICONV='-liconv'
LTLIBINTL=''
LTLIBOBJS=''
MAKEINFO='makeinfo'
MKINSTALLDIRS='$(top_builddir)/./mkinstalldirs'
MSGFMT='/usr/bin/msgfmt'
MSGMERGE='/usr/bin/msgmerge'
OBJEXT='o'
PACKAGE='swh-plugins'
PACKAGE_BUGREPORT=''
PACKAGE_NAME=''
PACKAGE_STRING=''
PACKAGE_TARNAME=''
PACKAGE_VERSION=''
PATH_SEPARATOR=':'
PKG_CONFIG='/usr/bin/pkg-config'
POSUB='po'
RANLIB='ranlib'
SET_MAKE=''
SHELL='/bin/bash'
STATIC_FFTW_LIBS=''
STRIP='strip'
USE_NLS='yes'
VERSION='0.4.15'
XGETTEXT='/usr/bin/xgettext'
ac_ct_AR='ar'
ac_ct_CC='gcc'
ac_ct_CXX='g++'
ac_ct_F77=''
ac_ct_RANLIB='ranlib'
ac_ct_STRIP='strip'
am__fastdepCC_FALSE='#'
am__fastdepCC_TRUE=''
am__fastdepCXX_FALSE='#'
am__fastdepCXX_TRUE=''
am__include='include'
am__leading_dot='.'
am__quote=''
bindir='${exec_prefix}/bin'
build='i686-pc-linux-gnu'
build_alias=''
build_cpu='i686'
build_os='linux-gnu'
build_vendor='pc'
datadir='${prefix}/share'
exec_prefix='${prefix}'
host='i686-pc-linux-gnu'
host_alias=''
host_cpu='i686'
host_os='linux-gnu'
host_vendor='pc'
includedir='${prefix}/include'
infodir='${prefix}/info'
install_sh='/home/tobias/audio_dev/mux/src/plugins/swh-plugins-0.4.15/install-sh'
libdir='${exec_prefix}/lib'
libexecdir='${exec_prefix}/libexec'
localstatedir='${prefix}/var'
mandir='${prefix}/man'
mkdir_p='mkdir -p -- .'
oldincludedir='/usr/include'
prefix='/usr/local'
program_transform_name='s,x,x,'
sbindir='${exec_prefix}/sbin'
sharedstatedir='${prefix}/com'
subdirs='util gsm gverb metadata'
sysconfdir='${prefix}/etc'
target='i686-pc-linux-gnu'
target_alias=''
target_cpu='i686'
target_os='linux-gnu'
target_vendor='pc'

## ----------- ##
## confdefs.h. ##
## ----------- ##

#define ENABLE_NLS 1
#define FFTW3
#define HAVE_DCGETTEXT 1
#define HAVE_DLFCN_H 1
#define HAVE_GETTEXT 1
#define HAVE_INTTYPES_H 1
#define HAVE_LIBM 1
#define HAVE_LIBM 1
#define HAVE_LIBRT 1
#define HAVE_LRINTF 1
#define HAVE_MEMORY_H 1
#define HAVE_STDINT_H 1
#define HAVE_STDLIB_H 1
#define HAVE_STRINGS_H 1
#define HAVE_STRING_H 1
#define HAVE_SYS_STAT_H 1
#define HAVE_SYS_TYPES_H 1
#define HAVE_UNISTD_H 1
#define PACKAGE "swh-plugins"
#define PACKAGE_BUGREPORT ""
#define PACKAGE_DATA_DIR "/usr/local/share/swh-plugins"
#define PACKAGE_LOCALE_DIR "/usr/local//locale"
#define PACKAGE_NAME ""
#define PACKAGE_STRING ""
#define PACKAGE_TARNAME ""
#define PACKAGE_VERSION ""
#define STDC_HEADERS 1
#define VERSION "0.4.15"
#endif
#ifdef __cplusplus
extern "C" void std::exit (int) throw (); using std::exit;

configure: exit 0
